<?xml version="1.0" encoding="UTF-8"?>
<!-- Generated by org.testng.reporters.JUnitXMLReporter -->
<testsuite ignored="0" hostname="DESKTOP-QHV6IEQ" failures="0" tests="3" name="Default test" time="8.103" errors="0" timestamp="2026-07-14T00:00:44 IST">
  <testcase classname="com.qa.opencart.HomeTest.LoginpageTest" name="LoginpageNavigationTest" time="0.773"/>
  <testcase classname="com.qa.opencart.HomeTest.LoginpageTest" name="checkforgetpassTest" time="0.022"/>
  <testcase classname="com.qa.opencart.HomeTest.LoginpageTest" name="appLoginTest" time="0.844"/>
</testsuite> <!-- Default test -->
