<?xml version="1.0" encoding="UTF-8"?>
<!-- Generated by org.testng.reporters.JUnitXMLReporter -->
<testsuite ignored="0" hostname="DESKTOP-QHV6IEQ" failures="0" tests="3" name="Open Cart Home Page Test_chromium" time="14.074" errors="0" timestamp="2026-07-16T23:34:10 IST">
  <testcase classname="com.qa.opencart.tests.LoginpageTest" name="LoginpageNavigationTest" time="2.998"/>
  <testcase classname="com.qa.opencart.tests.LoginpageTest" name="checkforgetpassTest" time="0.419"/>
  <testcase classname="com.qa.opencart.tests.LoginpageTest" name="appLoginTest" time="0.973"/>
</testsuite> <!-- Open Cart Home Page Test_chromium -->
