<?xml version="1.0" encoding="UTF-8"?>
<!-- Generated by org.testng.reporters.JUnitXMLReporter -->
<testsuite ignored="0" hostname="DESKTOP-QHV6IEQ" failures="0" tests="3" name="Open Cart Login Page Test" time="23.006" errors="0" timestamp="2026-07-15T19:31:49 IST">
  <testcase classname="com.qa.opencart.tests.LoginpageTest" name="LoginpageNavigationTest" time="3.509"/>
  <testcase classname="com.qa.opencart.tests.LoginpageTest" name="checkforgetpassTest" time="0.232"/>
  <testcase classname="com.qa.opencart.tests.LoginpageTest" name="appLoginTest" time="2.219"/>
</testsuite> <!-- Open Cart Login Page Test -->
