<?xml version="1.0" encoding="UTF-8"?>
<!-- Generated by org.testng.reporters.JUnitXMLReporter -->
<testsuite ignored="0" hostname="DESKTOP-QHV6IEQ" failures="0" tests="4" name="Open Cart Home Page Test_chrome" time="15.663" errors="0" timestamp="2026-07-16T23:33:56 IST">
  <testcase classname="com.qa.opencart.tests.HomeTest" name="homePageTitleTest" time="0.102"/>
  <testcase classname="com.qa.opencart.tests.HomeTest" name="homePageUrlTest" time="0.014"/>
  <testcase classname="com.qa.opencart.tests.HomeTest" name="homePageHeaderTest" time="1.559"/>
  <testcase classname="com.qa.opencart.tests.HomeTest" name="homePageHeaderTest" time="0.441"/>
</testsuite> <!-- Open Cart Home Page Test_chrome -->
