<?xml version="1.0" encoding="UTF-8"?>
<!-- Generated by org.testng.reporters.JUnitXMLReporter -->
<testsuite ignored="0" hostname="DESKTOP-QHV6IEQ" failures="0" tests="3" name="Open Cart Login Page Test_safari" time="16.947" errors="0" timestamp="2026-07-16T23:33:57 IST">
  <testcase classname="com.qa.opencart.tests.LoginpageTest" name="LoginpageNavigationTest" time="3.247"/>
  <testcase classname="com.qa.opencart.tests.LoginpageTest" name="checkforgetpassTest" time="0.888"/>
  <testcase classname="com.qa.opencart.tests.LoginpageTest" name="appLoginTest" time="0.75"/>
</testsuite> <!-- Open Cart Login Page Test_safari -->
