<?xml version="1.0" encoding="UTF-8"?>
<!-- Generated by org.testng.reporters.JUnitXMLReporter -->
<testsuite ignored="0" hostname="DESKTOP-QHV6IEQ" failures="0" tests="4" name="Open Cart Home Page Test" time="22.938" errors="0" timestamp="2026-07-15T19:31:49 IST">
  <testcase classname="com.qa.opencart.tests.HomeTest" name="homePageTitleTest" time="0.157"/>
  <testcase classname="com.qa.opencart.tests.HomeTest" name="homePageUrlTest" time="0.475"/>
  <testcase classname="com.qa.opencart.tests.HomeTest" name="homePageHeaderTest" time="0.708"/>
  <testcase classname="com.qa.opencart.tests.HomeTest" name="homePageHeaderTest" time="1.55"/>
</testsuite> <!-- Open Cart Home Page Test -->
