<?xml version="1.0" encoding="UTF-8"?>
<testng-results ignored="0" total="13" passed="13" failed="0" skipped="0">
  <reporter-output>
  </reporter-output>
  <suite started-at="2026-07-16T23:33:40 IST" name="Open Cart Home Page Test Regression PW Suite" finished-at="2026-07-16T23:34:10 IST" duration-ms="30673">
    <groups>
    </groups>
    <test started-at="2026-07-16T23:33:40 IST" name="Open Cart Home Page Test_chrome" finished-at="2026-07-16T23:33:55 IST" duration-ms="15663">
      <class name="com.qa.opencart.tests.HomeTest">
        <test-method is-config="true" signature="setup(java.lang.String)[pri:0, instance:com.qa.opencart.tests.HomeTest@791cbf87]" started-at="2026-07-16T23:33:40 IST" name="setup" finished-at="2026-07-16T23:33:48 IST" duration-ms="8195" status="PASS">
          <params>
            <param index="0">
              <value>
                <![CDATA[chrome]]>
              </value>
            </param>
          </params>
          <reporter-output>
          </reporter-output>
        </test-method> <!-- setup -->
        <test-method signature="homePageTitleTest()[pri:1, instance:com.qa.opencart.tests.HomeTest@791cbf87]" started-at="2026-07-16T23:33:48 IST" name="homePageTitleTest" finished-at="2026-07-16T23:33:48 IST" duration-ms="102" status="PASS">
          <reporter-output>
          </reporter-output>
        </test-method> <!-- homePageTitleTest -->
        <test-method signature="homePageUrlTest()[pri:2, instance:com.qa.opencart.tests.HomeTest@791cbf87]" started-at="2026-07-16T23:33:51 IST" name="homePageUrlTest" finished-at="2026-07-16T23:33:51 IST" duration-ms="14" status="PASS">
          <reporter-output>
          </reporter-output>
        </test-method> <!-- homePageUrlTest -->
        <test-method signature="homePageHeaderTest(java.lang.String)[pri:3, instance:com.qa.opencart.tests.HomeTest@791cbf87]" started-at="2026-07-16T23:33:51 IST" name="homePageHeaderTest" data-provider="Getdatprovider" finished-at="2026-07-16T23:33:53 IST" duration-ms="1559" status="PASS">
          <params>
            <param index="0">
              <value>
                <![CDATA[mackbook]]>
              </value>
            </param>
          </params>
          <reporter-output>
          </reporter-output>
        </test-method> <!-- homePageHeaderTest -->
        <test-method signature="homePageHeaderTest(java.lang.String)[pri:3, instance:com.qa.opencart.tests.HomeTest@791cbf87]" started-at="2026-07-16T23:33:53 IST" name="homePageHeaderTest" data-provider="Getdatprovider" finished-at="2026-07-16T23:33:53 IST" duration-ms="441" status="PASS">
          <params>
            <param index="0">
              <value>
                <![CDATA[imac]]>
              </value>
            </param>
          </params>
          <reporter-output>
          </reporter-output>
        </test-method> <!-- homePageHeaderTest -->
        <test-method is-config="true" signature="teardown()[pri:0, instance:com.qa.opencart.tests.HomeTest@791cbf87]" started-at="2026-07-16T23:33:55 IST" name="teardown" finished-at="2026-07-16T23:33:55 IST" duration-ms="478" status="PASS">
          <reporter-output>
          </reporter-output>
        </test-method> <!-- teardown -->
      </class> <!-- com.qa.opencart.tests.HomeTest -->
    </test> <!-- Open Cart Home Page Test_chrome -->
    <test started-at="2026-07-16T23:33:40 IST" name="Open Cart Login Page Test_safari" finished-at="2026-07-16T23:33:57 IST" duration-ms="16947">
      <class name="com.qa.opencart.tests.LoginpageTest">
        <test-method is-config="true" signature="setup(java.lang.String)[pri:0, instance:com.qa.opencart.tests.LoginpageTest@1b28f282]" started-at="2026-07-16T23:33:40 IST" name="setup" finished-at="2026-07-16T23:33:50 IST" duration-ms="10100" status="PASS">
          <params>
            <param index="0">
              <value>
                <![CDATA[chromium]]>
              </value>
            </param>
          </params>
          <reporter-output>
          </reporter-output>
        </test-method> <!-- setup -->
        <test-method signature="LoginpageNavigationTest()[pri:1, instance:com.qa.opencart.tests.LoginpageTest@1b28f282]" started-at="2026-07-16T23:33:50 IST" name="LoginpageNavigationTest" finished-at="2026-07-16T23:33:53 IST" duration-ms="3247" status="PASS">
          <reporter-output>
          </reporter-output>
        </test-method> <!-- LoginpageNavigationTest -->
        <test-method signature="checkforgetpassTest()[pri:2, instance:com.qa.opencart.tests.LoginpageTest@1b28f282]" started-at="2026-07-16T23:33:54 IST" name="checkforgetpassTest" finished-at="2026-07-16T23:33:55 IST" duration-ms="888" status="PASS">
          <reporter-output>
          </reporter-output>
        </test-method> <!-- checkforgetpassTest -->
        <test-method signature="appLoginTest()[pri:3, instance:com.qa.opencart.tests.LoginpageTest@1b28f282]" started-at="2026-07-16T23:33:55 IST" name="appLoginTest" finished-at="2026-07-16T23:33:56 IST" duration-ms="750" status="PASS">
          <reporter-output>
          </reporter-output>
        </test-method> <!-- appLoginTest -->
        <test-method is-config="true" signature="teardown()[pri:0, instance:com.qa.opencart.tests.LoginpageTest@1b28f282]" started-at="2026-07-16T23:33:56 IST" name="teardown" finished-at="2026-07-16T23:33:57 IST" duration-ms="435" status="PASS">
          <reporter-output>
          </reporter-output>
        </test-method> <!-- teardown -->
      </class> <!-- com.qa.opencart.tests.LoginpageTest -->
    </test> <!-- Open Cart Login Page Test_safari -->
    <test started-at="2026-07-16T23:33:56 IST" name="Open Cart Home Page Test_chromium" finished-at="2026-07-16T23:34:10 IST" duration-ms="14074">
      <class name="com.qa.opencart.tests.LoginpageTest">
        <test-method is-config="true" signature="setup(java.lang.String)[pri:0, instance:com.qa.opencart.tests.LoginpageTest@5e77f0f4]" started-at="2026-07-16T23:33:56 IST" name="setup" finished-at="2026-07-16T23:34:02 IST" duration-ms="5389" status="PASS">
          <params>
            <param index="0">
              <value>
                <![CDATA[chromium]]>
              </value>
            </param>
          </params>
          <reporter-output>
          </reporter-output>
        </test-method> <!-- setup -->
        <test-method signature="LoginpageNavigationTest()[pri:1, instance:com.qa.opencart.tests.LoginpageTest@5e77f0f4]" started-at="2026-07-16T23:34:02 IST" name="LoginpageNavigationTest" finished-at="2026-07-16T23:34:05 IST" duration-ms="2998" status="PASS">
          <reporter-output>
          </reporter-output>
        </test-method> <!-- LoginpageNavigationTest -->
        <test-method signature="checkforgetpassTest()[pri:2, instance:com.qa.opencart.tests.LoginpageTest@5e77f0f4]" started-at="2026-07-16T23:34:08 IST" name="checkforgetpassTest" finished-at="2026-07-16T23:34:08 IST" duration-ms="419" status="PASS">
          <reporter-output>
          </reporter-output>
        </test-method> <!-- checkforgetpassTest -->
        <test-method signature="appLoginTest()[pri:3, instance:com.qa.opencart.tests.LoginpageTest@5e77f0f4]" started-at="2026-07-16T23:34:08 IST" name="appLoginTest" finished-at="2026-07-16T23:34:09 IST" duration-ms="973" status="PASS">
          <reporter-output>
          </reporter-output>
        </test-method> <!-- appLoginTest -->
        <test-method is-config="true" signature="teardown()[pri:0, instance:com.qa.opencart.tests.LoginpageTest@5e77f0f4]" started-at="2026-07-16T23:34:09 IST" name="teardown" finished-at="2026-07-16T23:34:10 IST" duration-ms="680" status="PASS">
          <reporter-output>
          </reporter-output>
        </test-method> <!-- teardown -->
      </class> <!-- com.qa.opencart.tests.LoginpageTest -->
    </test> <!-- Open Cart Home Page Test_chromium -->
    <test started-at="2026-07-16T23:33:57 IST" name="Open Cart Login Page Test_edge1" finished-at="2026-07-16T23:34:10 IST" duration-ms="13689">
      <class name="com.qa.opencart.tests.LoginpageTest">
        <test-method is-config="true" signature="setup(java.lang.String)[pri:0, instance:com.qa.opencart.tests.LoginpageTest@4816c290]" started-at="2026-07-16T23:33:57 IST" name="setup" finished-at="2026-07-16T23:34:03 IST" duration-ms="6525" status="PASS">
          <params>
            <param index="0">
              <value>
                <![CDATA[edge]]>
              </value>
            </param>
          </params>
          <reporter-output>
          </reporter-output>
        </test-method> <!-- setup -->
        <test-method signature="LoginpageNavigationTest()[pri:1, instance:com.qa.opencart.tests.LoginpageTest@4816c290]" started-at="2026-07-16T23:34:03 IST" name="LoginpageNavigationTest" finished-at="2026-07-16T23:34:07 IST" duration-ms="3644" status="PASS">
          <reporter-output>
          </reporter-output>
        </test-method> <!-- LoginpageNavigationTest -->
        <test-method signature="checkforgetpassTest()[pri:2, instance:com.qa.opencart.tests.LoginpageTest@4816c290]" started-at="2026-07-16T23:34:08 IST" name="checkforgetpassTest" finished-at="2026-07-16T23:34:08 IST" duration-ms="13" status="PASS">
          <reporter-output>
          </reporter-output>
        </test-method> <!-- checkforgetpassTest -->
        <test-method signature="appLoginTest()[pri:3, instance:com.qa.opencart.tests.LoginpageTest@4816c290]" started-at="2026-07-16T23:34:08 IST" name="appLoginTest" finished-at="2026-07-16T23:34:09 IST" duration-ms="876" status="PASS">
          <reporter-output>
          </reporter-output>
        </test-method> <!-- appLoginTest -->
        <test-method is-config="true" signature="teardown()[pri:0, instance:com.qa.opencart.tests.LoginpageTest@4816c290]" started-at="2026-07-16T23:34:10 IST" name="teardown" finished-at="2026-07-16T23:34:10 IST" duration-ms="605" status="PASS">
          <reporter-output>
          </reporter-output>
        </test-method> <!-- teardown -->
      </class> <!-- com.qa.opencart.tests.LoginpageTest -->
    </test> <!-- Open Cart Login Page Test_edge1 -->
  </suite> <!-- Open Cart Home Page Test Regression PW Suite -->
</testng-results>
