<?xml version="1.0" encoding="UTF-8"?>
<!-- Generated by org.testng.reporters.JUnitReportReporter -->
<testsuite hostname="DESKTOP-QHV6IEQ" failures="0" tests="4" name="com.qa.opencart.tests.HomeTest" time="2.116" errors="0" timestamp="2026-07-16T23:34:10 IST" skipped="0">
  <testcase classname="com.qa.opencart.tests.HomeTest" name="homePageTitleTest" time="0.102"/>
  <testcase classname="com.qa.opencart.tests.HomeTest" name="homePageUrlTest" time="0.014"/>
  <testcase classname="com.qa.opencart.tests.HomeTest" name="homePageHeaderTest" time="1.559"/>
  <testcase classname="com.qa.opencart.tests.HomeTest" name="homePageHeaderTest" time="0.441"/>
</testsuite> <!-- com.qa.opencart.tests.HomeTest -->
