<?xml version="1.0" encoding="UTF-8"?>
<!-- Generated by org.testng.reporters.JUnitReportReporter -->
<testsuite hostname="DESKTOP-QHV6IEQ" failures="0" tests="9" name="com.qa.opencart.tests.LoginpageTest" time="13.808" errors="0" timestamp="2026-07-16T23:34:10 IST" skipped="0">
  <testcase classname="com.qa.opencart.tests.LoginpageTest" name="LoginpageNavigationTest" time="3.644"/>
  <testcase classname="com.qa.opencart.tests.LoginpageTest" name="LoginpageNavigationTest" time="3.247"/>
  <testcase classname="com.qa.opencart.tests.LoginpageTest" name="LoginpageNavigationTest" time="2.998"/>
  <testcase classname="com.qa.opencart.tests.LoginpageTest" name="checkforgetpassTest" time="0.888"/>
  <testcase classname="com.qa.opencart.tests.LoginpageTest" name="checkforgetpassTest" time="0.419"/>
  <testcase classname="com.qa.opencart.tests.LoginpageTest" name="checkforgetpassTest" time="0.013"/>
  <testcase classname="com.qa.opencart.tests.LoginpageTest" name="appLoginTest" time="0.876"/>
  <testcase classname="com.qa.opencart.tests.LoginpageTest" name="appLoginTest" time="0.973"/>
  <testcase classname="com.qa.opencart.tests.LoginpageTest" name="appLoginTest" time="0.750"/>
</testsuite> <!-- com.qa.opencart.tests.LoginpageTest -->
