<?xml version="1.0" encoding="UTF-8"?>
<!-- Generated by org.testng.reporters.JUnitReportReporter -->
<testsuite hostname="DESKTOP-QHV6IEQ" failures="0" tests="4" name="com.qa.opencart.HomeTest.HomeTest" time="7.147" errors="0" timestamp="2026-07-14T00:12:26 IST" skipped="0">
  <testcase classname="com.qa.opencart.HomeTest.HomeTest" name="homePageTitleTest" time="0.017"/>
  <testcase classname="com.qa.opencart.HomeTest.HomeTest" name="homePageUrlTest" time="0.016"/>
  <testcase classname="com.qa.opencart.HomeTest.HomeTest" name="homePageHeaderTest" time="5.876"/>
  <testcase classname="com.qa.opencart.HomeTest.HomeTest" name="homePageHeaderTest" time="1.238"/>
</testsuite> <!-- com.qa.opencart.HomeTest.HomeTest -->
