<?xml version="1.0" encoding="UTF-8"?>
<!-- Generated by org.testng.reporters.JUnitReportReporter -->
<testsuite hostname="DESKTOP-QHV6IEQ" failures="0" tests="3" name="com.qa.opencart.HomeTest.LoginpageTest" time="8.187" errors="0" timestamp="2026-07-14T00:12:26 IST" skipped="0">
  <testcase classname="com.qa.opencart.HomeTest.LoginpageTest" name="LoginpageNavigationTest" time="7.258"/>
  <testcase classname="com.qa.opencart.HomeTest.LoginpageTest" name="checkforgetpassTest" time="0.039"/>
  <testcase classname="com.qa.opencart.HomeTest.LoginpageTest" name="appLoginTest" time="0.890"/>
</testsuite> <!-- com.qa.opencart.HomeTest.LoginpageTest -->
